::1 - - [27/May/2020:05:45:32 +0000] "POST /accounts/join HTTP/1.1" 200 78 "https://localhost:3000/accounts/join" "Mozilla/5.0 (Windows NT 10.0; Win64; x64) AppleWebKit/537.36 (KHTML, like Gecko) Chrome/81.0.4044.138 Safari/537.36"
::1 - - [27/May/2020:05:45:33 +0000] "GET /accounts/login HTTP/1.1" 200 6909 "https://localhost:3000/accounts/join" "Mozilla/5.0 (Windows NT 10.0; Win64; x64) AppleWebKit/537.36 (KHTML, like Gecko) Chrome/81.0.4044.138 Safari/537.36"
::1 - - [27/May/2020:05:45:33 +0000] "GET /img/banner.png HTTP/1.1" 200 441638 "https://localhost:3000/accounts/login" "Mozilla/5.0 (Windows NT 10.0; Win64; x64) AppleWebKit/537.36 (KHTML, like Gecko) Chrome/81.0.4044.138 Safari/537.36"
::1 - - [27/May/2020:05:45:33 +0000] "GET /img/logo.png HTTP/1.1" 200 611 "https://localhost:3000/accounts/login" "Mozilla/5.0 (Windows NT 10.0; Win64; x64) AppleWebKit/537.36 (KHTML, like Gecko) Chrome/81.0.4044.138 Safari/537.36"
::1 - - [27/May/2020:05:45:38 +0000] "POST /accounts/login HTTP/1.1" 200 82 "https://localhost:3000/accounts/login" "Mozilla/5.0 (Windows NT 10.0; Win64; x64) AppleWebKit/537.36 (KHTML, like Gecko) Chrome/81.0.4044.138 Safari/537.36"
::1 - - [27/May/2020:05:45:38 +0000] "GET /home HTTP/1.1" 200 10116 "https://localhost:3000/accounts/login" "Mozilla/5.0 (Windows NT 10.0; Win64; x64) AppleWebKit/537.36 (KHTML, like Gecko) Chrome/81.0.4044.138 Safari/537.36"
::1 - - [27/May/2020:05:45:38 +0000] "GET /img/banner.png HTTP/1.1" 304 - "https://localhost:3000/home" "Mozilla/5.0 (Windows NT 10.0; Win64; x64) AppleWebKit/537.36 (KHTML, like Gecko) Chrome/81.0.4044.138 Safari/537.36"
::1 - - [27/May/2020:05:45:38 +0000] "GET /uploads/products-1589190461946.haansofthwp HTTP/1.1" 200 65536 "https://localhost:3000/home" "Mozilla/5.0 (Windows NT 10.0; Win64; x64) AppleWebKit/537.36 (KHTML, like Gecko) Chrome/81.0.4044.138 Safari/537.36"
::1 - - [27/May/2020:05:45:39 +0000] "GET /uploads/products-1589190514106.png HTTP/1.1" 200 26972 "https://localhost:3000/home" "Mozilla/5.0 (Windows NT 10.0; Win64; x64) AppleWebKit/537.36 (KHTML, like Gecko) Chrome/81.0.4044.138 Safari/537.36"
::1 - - [27/May/2020:05:45:39 +0000] "GET /uploads/products-1589805764884.png HTTP/1.1" 200 1554 "https://localhost:3000/home" "Mozilla/5.0 (Windows NT 10.0; Win64; x64) AppleWebKit/537.36 (KHTML, like Gecko) Chrome/81.0.4044.138 Safari/537.36"
::1 - - [27/May/2020:05:45:39 +0000] "GET /uploads/products-1589141288270.png HTTP/1.1" 200 26972 "https://localhost:3000/home" "Mozilla/5.0 (Windows NT 10.0; Win64; x64) AppleWebKit/537.36 (KHTML, like Gecko) Chrome/81.0.4044.138 Safari/537.36"
::1 - - [27/May/2020:05:45:39 +0000] "GET /uploads/products-1589190584163.png HTTP/1.1" 200 3311 "https://localhost:3000/home" "Mozilla/5.0 (Windows NT 10.0; Win64; x64) AppleWebKit/537.36 (KHTML, like Gecko) Chrome/81.0.4044.138 Safari/537.36"
::1 - - [27/May/2020:05:45:39 +0000] "GET /uploads/products-1589140407499.png HTTP/1.1" 200 516021 "https://localhost:3000/home" "Mozilla/5.0 (Windows NT 10.0; Win64; x64) AppleWebKit/537.36 (KHTML, like Gecko) Chrome/81.0.4044.138 Safari/537.36"
::1 - - [27/May/2020:05:45:39 +0000] "GET /uploads/products-1589140510922.png HTTP/1.1" 200 676771 "https://localhost:3000/home" "Mozilla/5.0 (Windows NT 10.0; Win64; x64) AppleWebKit/537.36 (KHTML, like Gecko) Chrome/81.0.4044.138 Safari/537.36"
::1 - - [27/May/2020:05:45:40 +0000] "GET /chat HTTP/1.1" 200 8431 "https://localhost:3000/home" "Mozilla/5.0 (Windows NT 10.0; Win64; x64) AppleWebKit/537.36 (KHTML, like Gecko) Chrome/81.0.4044.138 Safari/537.36"
::1 - - [27/May/2020:05:45:40 +0000] "GET /img/banner.png HTTP/1.1" 304 - "https://localhost:3000/chat" "Mozilla/5.0 (Windows NT 10.0; Win64; x64) AppleWebKit/537.36 (KHTML, like Gecko) Chrome/81.0.4044.138 Safari/537.36"
::1 - - [27/May/2020:05:45:41 +0000] "GET /accounts/information HTTP/1.1" 200 7980 "https://localhost:3000/chat" "Mozilla/5.0 (Windows NT 10.0; Win64; x64) AppleWebKit/537.36 (KHTML, like Gecko) Chrome/81.0.4044.138 Safari/537.36"
::1 - - [27/May/2020:05:45:41 +0000] "GET /img/banner.png HTTP/1.1" 304 - "https://localhost:3000/accounts/information" "Mozilla/5.0 (Windows NT 10.0; Win64; x64) AppleWebKit/537.36 (KHTML, like Gecko) Chrome/81.0.4044.138 Safari/537.36"
::1 - - [27/May/2020:05:45:41 +0000] "GET /img/personalP.png HTTP/1.1" 200 127905 "https://localhost:3000/accounts/information" "Mozilla/5.0 (Windows NT 10.0; Win64; x64) AppleWebKit/537.36 (KHTML, like Gecko) Chrome/81.0.4044.138 Safari/537.36"
::1 - - [27/May/2020:05:45:41 +0000] "GET /chat HTTP/1.1" 200 8431 "https://localhost:3000/accounts/information" "Mozilla/5.0 (Windows NT 10.0; Win64; x64) AppleWebKit/537.36 (KHTML, like Gecko) Chrome/81.0.4044.138 Safari/537.36"
::1 - - [27/May/2020:05:45:41 +0000] "GET /img/banner.png HTTP/1.1" 304 - "https://localhost:3000/chat" "Mozilla/5.0 (Windows NT 10.0; Win64; x64) AppleWebKit/537.36 (KHTML, like Gecko) Chrome/81.0.4044.138 Safari/537.36"
::1 - - [27/May/2020:05:45:43 +0000] "GET /accounts/information HTTP/1.1" 200 7980 "https://localhost:3000/chat" "Mozilla/5.0 (Windows NT 10.0; Win64; x64) AppleWebKit/537.36 (KHTML, like Gecko) Chrome/81.0.4044.138 Safari/537.36"
::1 - - [27/May/2020:05:45:43 +0000] "GET /img/banner.png HTTP/1.1" 304 - "https://localhost:3000/accounts/information" "Mozilla/5.0 (Windows NT 10.0; Win64; x64) AppleWebKit/537.36 (KHTML, like Gecko) Chrome/81.0.4044.138 Safari/537.36"
::1 - - [27/May/2020:05:45:43 +0000] "GET /img/personalP.png HTTP/1.1" 304 - "https://localhost:3000/accounts/information" "Mozilla/5.0 (Windows NT 10.0; Win64; x64) AppleWebKit/537.36 (KHTML, like Gecko) Chrome/81.0.4044.138 Safari/537.36"
::1 - - [27/May/2020:05:45:46 +0000] "GET /chat HTTP/1.1" 200 8431 "https://localhost:3000/accounts/information" "Mozilla/5.0 (Windows NT 10.0; Win64; x64) AppleWebKit/537.36 (KHTML, like Gecko) Chrome/81.0.4044.138 Safari/537.36"
::1 - - [27/May/2020:05:45:46 +0000] "GET /img/banner.png HTTP/1.1" 304 - "https://localhost:3000/chat" "Mozilla/5.0 (Windows NT 10.0; Win64; x64) AppleWebKit/537.36 (KHTML, like Gecko) Chrome/81.0.4044.138 Safari/537.36"
::1 - - [27/May/2020:05:45:59 +0000] "GET /accounts/information HTTP/1.1" 200 7980 "https://localhost:3000/chat" "Mozilla/5.0 (Windows NT 10.0; Win64; x64) AppleWebKit/537.36 (KHTML, like Gecko) Chrome/81.0.4044.138 Safari/537.36"
::1 - - [27/May/2020:05:45:59 +0000] "GET /img/banner.png HTTP/1.1" 304 - "https://localhost:3000/accounts/information" "Mozilla/5.0 (Windows NT 10.0; Win64; x64) AppleWebKit/537.36 (KHTML, like Gecko) Chrome/81.0.4044.138 Safari/537.36"
::1 - - [27/May/2020:05:45:59 +0000] "GET /img/personalP.png HTTP/1.1" 200 127905 "https://localhost:3000/accounts/information" "Mozilla/5.0 (Windows NT 10.0; Win64; x64) AppleWebKit/537.36 (KHTML, like Gecko) Chrome/81.0.4044.138 Safari/537.36"
::1 - - [27/May/2020:05:46:01 +0000] "GET /home HTTP/1.1" 200 10116 "https://localhost:3000/accounts/information" "Mozilla/5.0 (Windows NT 10.0; Win64; x64) AppleWebKit/537.36 (KHTML, like Gecko) Chrome/81.0.4044.138 Safari/537.36"
::1 - - [27/May/2020:05:46:01 +0000] "GET /img/banner.png HTTP/1.1" 304 - "https://localhost:3000/home" "Mozilla/5.0 (Windows NT 10.0; Win64; x64) AppleWebKit/537.36 (KHTML, like Gecko) Chrome/81.0.4044.138 Safari/537.36"
::1 - - [27/May/2020:05:46:01 +0000] "GET /uploads/products-1589190461946.haansofthwp HTTP/1.1" 200 65536 "https://localhost:3000/home" "Mozilla/5.0 (Windows NT 10.0; Win64; x64) AppleWebKit/537.36 (KHTML, like Gecko) Chrome/81.0.4044.138 Safari/537.36"
::1 - - [27/May/2020:05:46:01 +0000] "GET /uploads/products-1589190514106.png HTTP/1.1" 200 26972 "https://localhost:3000/home" "Mozilla/5.0 (Windows NT 10.0; Win64; x64) AppleWebKit/537.36 (KHTML, like Gecko) Chrome/81.0.4044.138 Safari/537.36"
::1 - - [27/May/2020:05:46:01 +0000] "GET /uploads/products-1589805764884.png HTTP/1.1" 200 1554 "https://localhost:3000/home" "Mozilla/5.0 (Windows NT 10.0; Win64; x64) AppleWebKit/537.36 (KHTML, like Gecko) Chrome/81.0.4044.138 Safari/537.36"
::1 - - [27/May/2020:05:46:01 +0000] "GET /uploads/products-1589141288270.png HTTP/1.1" 200 26972 "https://localhost:3000/home" "Mozilla/5.0 (Windows NT 10.0; Win64; x64) AppleWebKit/537.36 (KHTML, like Gecko) Chrome/81.0.4044.138 Safari/537.36"
::1 - - [27/May/2020:05:46:01 +0000] "GET /uploads/products-1589190584163.png HTTP/1.1" 200 3311 "https://localhost:3000/home" "Mozilla/5.0 (Windows NT 10.0; Win64; x64) AppleWebKit/537.36 (KHTML, like Gecko) Chrome/81.0.4044.138 Safari/537.36"
::1 - - [27/May/2020:05:46:01 +0000] "GET /uploads/products-1589140407499.png HTTP/1.1" 200 516021 "https://localhost:3000/home" "Mozilla/5.0 (Windows NT 10.0; Win64; x64) AppleWebKit/537.36 (KHTML, like Gecko) Chrome/81.0.4044.138 Safari/537.36"
::1 - - [27/May/2020:05:46:01 +0000] "GET /uploads/products-1589140510922.png HTTP/1.1" 200 676771 "https://localhost:3000/home" "Mozilla/5.0 (Windows NT 10.0; Win64; x64) AppleWebKit/537.36 (KHTML, like Gecko) Chrome/81.0.4044.138 Safari/537.36"
::1 - - [27/May/2020:05:46:08 +0000] "GET /accounts/logout HTTP/1.1" 200 96 "https://localhost:3000/home" "Mozilla/5.0 (Windows NT 10.0; Win64; x64) AppleWebKit/537.36 (KHTML, like Gecko) Chrome/81.0.4044.138 Safari/537.36"
::1 - - [27/May/2020:05:46:09 +0000] "GET /accounts/login HTTP/1.1" 200 6909 "https://localhost:3000/accounts/logout" "Mozilla/5.0 (Windows NT 10.0; Win64; x64) AppleWebKit/537.36 (KHTML, like Gecko) Chrome/81.0.4044.138 Safari/537.36"
::1 - - [27/May/2020:05:46:09 +0000] "GET /img/banner.png HTTP/1.1" 200 441638 "https://localhost:3000/accounts/login" "Mozilla/5.0 (Windows NT 10.0; Win64; x64) AppleWebKit/537.36 (KHTML, like Gecko) Chrome/81.0.4044.138 Safari/537.36"
::1 - - [27/May/2020:05:46:09 +0000] "GET /img/logo.png HTTP/1.1" 200 611 "https://localhost:3000/accounts/login" "Mozilla/5.0 (Windows NT 10.0; Win64; x64) AppleWebKit/537.36 (KHTML, like Gecko) Chrome/81.0.4044.138 Safari/537.36"
::1 - - [27/May/2020:05:46:37 +0000] "GET /accounts/login HTTP/1.1" 200 6909 "https://localhost:3000/accounts/logout" "Mozilla/5.0 (Windows NT 10.0; Win64; x64) AppleWebKit/537.36 (KHTML, like Gecko) Chrome/81.0.4044.138 Safari/537.36"
::1 - - [27/May/2020:05:46:37 +0000] "GET /img/logo.png HTTP/1.1" 200 611 "https://localhost:3000/accounts/login" "Mozilla/5.0 (Windows NT 10.0; Win64; x64) AppleWebKit/537.36 (KHTML, like Gecko) Chrome/81.0.4044.138 Safari/537.36"
::1 - - [27/May/2020:05:46:37 +0000] "GET /img/banner.png HTTP/1.1" 200 441638 "https://localhost:3000/accounts/login" "Mozilla/5.0 (Windows NT 10.0; Win64; x64) AppleWebKit/537.36 (KHTML, like Gecko) Chrome/81.0.4044.138 Safari/537.36"
::1 - - [27/May/2020:05:46:39 +0000] "GET / HTTP/1.1" 200 6462 "https://localhost:3000/accounts/login" "Mozilla/5.0 (Windows NT 10.0; Win64; x64) AppleWebKit/537.36 (KHTML, like Gecko) Chrome/81.0.4044.138 Safari/537.36"
::1 - - [27/May/2020:05:46:39 +0000] "GET /css/styles.css HTTP/1.1" 200 189886 "https://localhost:3000/" "Mozilla/5.0 (Windows NT 10.0; Win64; x64) AppleWebKit/537.36 (KHTML, like Gecko) Chrome/81.0.4044.138 Safari/537.36"
::1 - - [27/May/2020:05:46:39 +0000] "GET /js/scripts.js HTTP/1.1" 200 1853 "https://localhost:3000/" "Mozilla/5.0 (Windows NT 10.0; Win64; x64) AppleWebKit/537.36 (KHTML, like Gecko) Chrome/81.0.4044.138 Safari/537.36"
::1 - - [27/May/2020:05:46:39 +0000] "GET /img/GUCCI_illust.png HTTP/1.1" 200 895406 "https://localhost:3000/" "Mozilla/5.0 (Windows NT 10.0; Win64; x64) AppleWebKit/537.36 (KHTML, like Gecko) Chrome/81.0.4044.138 Safari/537.36"
::1 - - [27/May/2020:05:46:40 +0000] "GET /img/illust_1.jpg HTTP/1.1" 200 94340 "https://localhost:3000/" "Mozilla/5.0 (Windows NT 10.0; Win64; x64) AppleWebKit/537.36 (KHTML, like Gecko) Chrome/81.0.4044.138 Safari/537.36"
::1 - - [27/May/2020:05:46:40 +0000] "GET /img/illust_2.jpg HTTP/1.1" 200 100027 "https://localhost:3000/" "Mozilla/5.0 (Windows NT 10.0; Win64; x64) AppleWebKit/537.36 (KHTML, like Gecko) Chrome/81.0.4044.138 Safari/537.36"
::1 - - [27/May/2020:05:46:40 +0000] "GET /img/illust_3.jpg HTTP/1.1" 200 116405 "https://localhost:3000/" "Mozilla/5.0 (Windows NT 10.0; Win64; x64) AppleWebKit/537.36 (KHTML, like Gecko) Chrome/81.0.4044.138 Safari/537.36"
::1 - - [27/May/2020:05:46:40 +0000] "GET /img/illust_whale.jpg HTTP/1.1" 200 75458 "https://localhost:3000/css/styles.css" "Mozilla/5.0 (Windows NT 10.0; Win64; x64) AppleWebKit/537.36 (KHTML, like Gecko) Chrome/81.0.4044.138 Safari/537.36"
::1 - - [27/May/2020:05:46:42 +0000] "GET /accounts/login HTTP/1.1" 200 6909 "https://localhost:3000/" "Mozilla/5.0 (Windows NT 10.0; Win64; x64) AppleWebKit/537.36 (KHTML, like Gecko) Chrome/81.0.4044.138 Safari/537.36"
::1 - - [27/May/2020:05:46:42 +0000] "GET /img/banner.png HTTP/1.1" 304 - "https://localhost:3000/accounts/login" "Mozilla/5.0 (Windows NT 10.0; Win64; x64) AppleWebKit/537.36 (KHTML, like Gecko) Chrome/81.0.4044.138 Safari/537.36"
::1 - - [27/May/2020:05:46:42 +0000] "GET /img/logo.png HTTP/1.1" 304 - "https://localhost:3000/accounts/login" "Mozilla/5.0 (Windows NT 10.0; Win64; x64) AppleWebKit/537.36 (KHTML, like Gecko) Chrome/81.0.4044.138 Safari/537.36"
